TN:
SF:coverage/lcov-report/block-navigation.js
FN:2,init
FN:24,toggleClass
FN:31,makeCurrent
FN:41,goToPrevious
FN:52,goToNext
FN:65,jump
FNF:6
FNH:0
FNDA:0,init
FNDA:0,toggleClass
FNDA:0,makeCurrent
FNDA:0,goToPrevious
FNDA:0,goToNext
FNDA:0,jump
DA:2,0
DA:4,0
DA:7,0
DA:10,0
DA:14,0
DA:20,0
DA:25,0
DA:28,0
DA:32,0
DA:33,0
DA:34,0
DA:42,0
DA:43,0
DA:44,0
DA:45,0
DA:46,0
DA:49,0
DA:53,0
DA:55,0
DA:59,0
DA:62,0
DA:65,0
DA:66,0
DA:71,0
DA:74,0
DA:77,0
DA:78,0
DA:82,0
DA:83,0
DA:87,0
LF:30
LH:0
BRDA:43,0,0,0
BRDA:43,0,1,0
BRDA:43,1,0,0
BRDA:43,1,1,0
BRDA:45,2,0,0
BRDA:45,2,1,0
BRDA:55,3,0,0
BRDA:55,3,1,0
BRDA:56,4,0,0
BRDA:56,4,1,0
BRDA:66,5,0,0
BRDA:66,5,1,0
BRDA:67,6,0,0
BRDA:67,6,1,0
BRDA:74,7,0,0
BRDA:74,7,1,0
BRDA:74,7,2,0
BRDA:74,7,3,0
BRDA:74,7,4,0
BRF:19
BRH:0
end_of_record
TN:
SF:coverage/lcov-report/prettify.js
FN:2,(anonymous_0)
FN:2,k
FN:2,ab
FN:2,T
FN:2,X
FN:2,(anonymous_5)
FN:2,W
FN:2,(anonymous_7)
FN:2,a
FN:2,aa
FN:2,B
FN:2,o
FN:2,g
FN:2,(anonymous_13)
FN:2,(anonymous_14)
FN:2,i
FN:2,Q
FN:2,ae
FN:2,ad
FN:2,ai
FN:2,D
FN:2,c
FN:2,q
FN:2,d
FN:2,y
FN:2,b
FN:2,Y
FN:2,(anonymous_27)
FN:2,U
FNF:29
FNH:0
FNDA:0,(anonymous_0)
FNDA:0,k
FNDA:0,ab
FNDA:0,T
FNDA:0,X
FNDA:0,(anonymous_5)
FNDA:0,W
FNDA:0,(anonymous_7)
FNDA:0,a
FNDA:0,aa
FNDA:0,B
FNDA:0,o
FNDA:0,g
FNDA:0,(anonymous_13)
FNDA:0,(anonymous_14)
FNDA:0,i
FNDA:0,Q
FNDA:0,ae
FNDA:0,ad
FNDA:0,ai
FNDA:0,D
FNDA:0,c
FNDA:0,q
FNDA:0,d
FNDA:0,y
FNDA:0,b
FNDA:0,Y
FNDA:0,(anonymous_27)
FNDA:0,U
DA:2,0
LF:1
LH:0
BRDA:2,0,0,0
BRDA:2,0,1,0
BRDA:2,1,0,0
BRDA:2,1,1,0
BRDA:2,2,0,0
BRDA:2,2,1,0
BRDA:2,3,0,0
BRDA:2,3,1,0
BRDA:2,4,0,0
BRDA:2,4,1,0
BRDA:2,5,0,0
BRDA:2,5,1,0
BRDA:2,6,0,0
BRDA:2,6,1,0
BRDA:2,7,0,0
BRDA:2,7,1,0
BRDA:2,8,0,0
BRDA:2,8,1,0
BRDA:2,9,0,0
BRDA:2,9,1,0
BRDA:2,10,0,0
BRDA:2,10,1,0
BRDA:2,11,0,0
BRDA:2,11,1,0
BRDA:2,11,2,0
BRDA:2,11,3,0
BRDA:2,12,0,0
BRDA:2,12,1,0
BRDA:2,13,0,0
BRDA:2,13,1,0
BRDA:2,14,0,0
BRDA:2,14,1,0
BRDA:2,15,0,0
BRDA:2,15,1,0
BRDA:2,16,0,0
BRDA:2,16,1,0
BRDA:2,17,0,0
BRDA:2,17,1,0
BRDA:2,18,0,0
BRDA:2,18,1,0
BRDA:2,19,0,0
BRDA:2,19,1,0
BRDA:2,20,0,0
BRDA:2,20,1,0
BRDA:2,21,0,0
BRDA:2,21,1,0
BRDA:2,22,0,0
BRDA:2,22,1,0
BRDA:2,23,0,0
BRDA:2,23,1,0
BRDA:2,24,0,0
BRDA:2,24,1,0
BRDA:2,25,0,0
BRDA:2,25,1,0
BRDA:2,26,0,0
BRDA:2,26,1,0
BRDA:2,27,0,0
BRDA:2,27,1,0
BRDA:2,28,0,0
BRDA:2,28,1,0
BRDA:2,29,0,0
BRDA:2,29,1,0
BRDA:2,30,0,0
BRDA:2,30,1,0
BRDA:2,31,0,0
BRDA:2,31,1,0
BRDA:2,32,0,0
BRDA:2,32,1,0
BRDA:2,33,0,0
BRDA:2,33,1,0
BRDA:2,34,0,0
BRDA:2,34,1,0
BRDA:2,35,0,0
BRDA:2,35,1,0
BRDA:2,36,0,0
BRDA:2,36,1,0
BRDA:2,37,0,0
BRDA:2,37,1,0
BRDA:2,38,0,0
BRDA:2,38,1,0
BRDA:2,39,0,0
BRDA:2,39,1,0
BRDA:2,40,0,0
BRDA:2,40,1,0
BRDA:2,41,0,0
BRDA:2,41,1,0
BRDA:2,42,0,0
BRDA:2,42,1,0
BRDA:2,43,0,0
BRDA:2,43,1,0
BRDA:2,44,0,0
BRDA:2,44,1,0
BRDA:2,45,0,0
BRDA:2,45,1,0
BRDA:2,46,0,0
BRDA:2,46,1,0
BRDA:2,47,0,0
BRDA:2,47,1,0
BRDA:2,48,0,0
BRDA:2,48,1,0
BRDA:2,49,0,0
BRDA:2,49,1,0
BRDA:2,50,0,0
BRDA:2,50,1,0
BRDA:2,50,2,0
BRDA:2,51,0,0
BRDA:2,51,1,0
BRDA:2,52,0,0
BRDA:2,52,1,0
BRDA:2,53,0,0
BRDA:2,53,1,0
BRDA:2,54,0,0
BRDA:2,54,1,0
BRDA:2,55,0,0
BRDA:2,55,1,0
BRDA:2,56,0,0
BRDA:2,56,1,0
BRDA:2,57,0,0
BRDA:2,57,1,0
BRDA:2,58,0,0
BRDA:2,58,1,0
BRDA:2,59,0,0
BRDA:2,59,1,0
BRDA:2,60,0,0
BRDA:2,60,1,0
BRDA:2,61,0,0
BRDA:2,61,1,0
BRDA:2,62,0,0
BRDA:2,62,1,0
BRDA:2,63,0,0
BRDA:2,63,1,0
BRDA:2,64,0,0
BRDA:2,64,1,0
BRDA:2,65,0,0
BRDA:2,65,1,0
BRDA:2,66,0,0
BRDA:2,66,1,0
BRDA:2,67,0,0
BRDA:2,67,1,0
BRDA:2,68,0,0
BRDA:2,68,1,0
BRDA:2,69,0,0
BRDA:2,69,1,0
BRDA:2,70,0,0
BRDA:2,70,1,0
BRDA:2,71,0,0
BRDA:2,71,1,0
BRDA:2,72,0,0
BRDA:2,72,1,0
BRDA:2,73,0,0
BRDA:2,73,1,0
BRDA:2,74,0,0
BRDA:2,74,1,0
BRDA:2,75,0,0
BRDA:2,75,1,0
BRDA:2,76,0,0
BRDA:2,76,1,0
BRDA:2,77,0,0
BRDA:2,77,1,0
BRDA:2,78,0,0
BRDA:2,78,1,0
BRDA:2,79,0,0
BRDA:2,79,1,0
BRDA:2,80,0,0
BRDA:2,80,1,0
BRDA:2,81,0,0
BRDA:2,81,1,0
BRDA:2,82,0,0
BRDA:2,82,1,0
BRDA:2,83,0,0
BRDA:2,83,1,0
BRDA:2,84,0,0
BRDA:2,84,1,0
BRDA:2,85,0,0
BRDA:2,85,1,0
BRDA:2,86,0,0
BRDA:2,86,1,0
BRDA:2,87,0,0
BRDA:2,87,1,0
BRDA:2,88,0,0
BRDA:2,88,1,0
BRDA:2,89,0,0
BRDA:2,89,1,0
BRDA:2,89,2,0
BRDA:2,90,0,0
BRDA:2,90,1,0
BRDA:2,91,0,0
BRDA:2,91,1,0
BRDA:2,92,0,0
BRDA:2,92,1,0
BRDA:2,93,0,0
BRDA:2,93,1,0
BRDA:2,94,0,0
BRDA:2,94,1,0
BRDA:2,95,0,0
BRDA:2,95,1,0
BRDA:2,96,0,0
BRDA:2,96,1,0
BRDA:2,97,0,0
BRDA:2,97,1,0
BRDA:2,98,0,0
BRDA:2,98,1,0
BRDA:2,99,0,0
BRDA:2,99,1,0
BRDA:2,100,0,0
BRDA:2,100,1,0
BRDA:2,101,0,0
BRDA:2,101,1,0
BRDA:2,102,0,0
BRDA:2,102,1,0
BRDA:2,103,0,0
BRDA:2,103,1,0
BRDA:2,104,0,0
BRDA:2,104,1,0
BRDA:2,105,0,0
BRDA:2,105,1,0
BRDA:2,106,0,0
BRDA:2,106,1,0
BRDA:2,107,0,0
BRDA:2,107,1,0
BRDA:2,108,0,0
BRDA:2,108,1,0
BRDA:2,109,0,0
BRDA:2,109,1,0
BRDA:2,110,0,0
BRDA:2,110,1,0
BRDA:2,111,0,0
BRDA:2,111,1,0
BRDA:2,112,0,0
BRDA:2,112,1,0
BRDA:2,113,0,0
BRDA:2,113,1,0
BRDA:2,114,0,0
BRDA:2,114,1,0
BRDA:2,115,0,0
BRDA:2,115,1,0
BRDA:2,116,0,0
BRDA:2,116,1,0
BRDA:2,117,0,0
BRDA:2,117,1,0
BRDA:2,118,0,0
BRDA:2,118,1,0
BRDA:2,119,0,0
BRDA:2,119,1,0
BRDA:2,120,0,0
BRDA:2,120,1,0
BRDA:2,121,0,0
BRDA:2,121,1,0
BRDA:2,122,0,0
BRDA:2,122,1,0
BRDA:2,123,0,0
BRDA:2,123,1,0
BRDA:2,124,0,0
BRDA:2,124,1,0
BRDA:2,125,0,0
BRDA:2,125,1,0
BRDA:2,126,0,0
BRDA:2,126,1,0
BRDA:2,127,0,0
BRDA:2,127,1,0
BRDA:2,128,0,0
BRDA:2,128,1,0
BRDA:2,128,2,0
BRDA:2,129,0,0
BRDA:2,129,1,0
BRDA:2,130,0,0
BRDA:2,130,1,0
BRDA:2,131,0,0
BRDA:2,131,1,0
BRDA:2,131,2,0
BRDA:2,131,3,0
BRDA:2,131,4,0
BRDA:2,132,0,0
BRDA:2,132,1,0
BRDA:2,133,0,0
BRDA:2,133,1,0
BRDA:2,134,0,0
BRDA:2,134,1,0
BRDA:2,135,0,0
BRDA:2,135,1,0
BRDA:2,136,0,0
BRDA:2,136,1,0
BRDA:2,137,0,0
BRDA:2,137,1,0
BRDA:2,138,0,0
BRDA:2,138,1,0
BRF:286
BRH:0
end_of_record
TN:
SF:coverage/lcov-report/sorter.js
FN:2,(anonymous_0)
FN:11,getTable
FN:15,getTableHeader
FN:19,getTableBody
FN:23,getNthColumn
FN:27,onFilterInput
FN:45,addSearchBox
FN:53,loadColumns
FN:78,loadRowData
FN:97,loadData
FN:106,sortByIndex
FN:108,(anonymous_11)
FN:120,(anonymous_12)
FN:137,removeSortIndicators
FN:145,addSortIndicators
FN:151,enableUI
FN:154,ithSorter
FN:157,(anonymous_17)
FN:184,(anonymous_18)
FNF:19
FNH:0
FNDA:0,(anonymous_0)
FNDA:0,getTable
FNDA:0,getTableHeader
FNDA:0,getTableBody
FNDA:0,getNthColumn
FNDA:0,onFilterInput
FNDA:0,addSearchBox
FNDA:0,loadColumns
FNDA:0,loadRowData
FNDA:0,loadData
FNDA:0,sortByIndex
FNDA:0,(anonymous_11)
FNDA:0,(anonymous_12)
FNDA:0,removeSortIndicators
FNDA:0,addSortIndicators
FNDA:0,enableUI
FNDA:0,ithSorter
FNDA:0,(anonymous_17)
FNDA:0,(anonymous_18)
DA:2,0
DA:5,0
DA:12,0
DA:16,0
DA:20,0
DA:24,0
DA:28,0
DA:29,0
DA:30,0
DA:31,0
DA:32,0
DA:37,0
DA:39,0
DA:46,0
DA:47,0
DA:48,0
DA:49,0
DA:54,0
DA:56,0
DA:60,0
DA:61,0
DA:62,0
DA:67,0
DA:68,0
DA:69,0
DA:70,0
DA:74,0
DA:79,0
DA:82,0
DA:85,0
DA:86,0
DA:87,0
DA:88,0
DA:89,0
DA:90,0
DA:92,0
DA:94,0
DA:98,0
DA:101,0
DA:102,0
DA:107,0
DA:108,0
DA:109,0
DA:110,0
DA:111,0
DA:113,0
DA:114,0
DA:115,0
DA:116,0
DA:119,0
DA:120,0
DA:121,0
DA:125,0
DA:126,0
DA:127,0
DA:130,0
DA:132,0
DA:133,0
DA:138,0
DA:139,0
DA:141,0
DA:142,0
DA:146,0
DA:154,0
DA:155,0
DA:157,0
DA:158,0
DA:160,0
DA:161,0
DA:163,0
DA:164,0
DA:165,0
DA:166,0
DA:167,0
DA:170,0
DA:171,0
DA:174,0
DA:175,0
DA:176,0
DA:178,0
DA:184,0
DA:185,0
DA:186,0
DA:188,0
DA:189,0
DA:190,0
DA:191,0
DA:192,0
DA:196,0
LF:89
LH:0
BRDA:32,0,0,0
BRDA:32,0,1,0
BRDA:65,1,0,0
BRDA:65,1,1,0
BRDA:68,2,0,0
BRDA:68,2,1,0
BRDA:89,3,0,0
BRDA:89,3,1,0
BRDA:111,4,0,0
BRDA:111,4,1,0
BRDA:111,5,0,0
BRDA:111,5,1,0
BRDA:119,6,0,0
BRDA:119,6,1,0
BRDA:146,7,0,0
BRDA:146,7,1,0
BRDA:160,8,0,0
BRDA:160,8,1,0
BRDA:171,9,0,0
BRDA:171,9,1,0
BRDA:175,10,0,0
BRDA:175,10,1,0
BRDA:185,11,0,0
BRDA:185,11,1,0
BRF:24
BRH:0
end_of_record
TN:
SF:src/app.js
FN:101,(anonymous_0)
FNF:1
FNH:1
FNDA:1,(anonymous_0)
DA:1,26
DA:2,26
DA:3,26
DA:4,26
DA:6,26
DA:8,26
DA:11,26
DA:13,26
DA:14,26
DA:15,26
DA:16,26
DA:17,26
DA:18,26
DA:19,26
DA:20,26
DA:21,26
DA:22,26
DA:23,26
DA:24,26
DA:25,26
DA:26,26
DA:27,26
DA:28,26
DA:29,26
DA:30,26
DA:31,26
DA:32,26
DA:33,26
DA:34,26
DA:35,26
DA:36,26
DA:37,26
DA:38,26
DA:40,26
DA:43,26
DA:57,26
DA:62,26
DA:64,26
DA:71,26
DA:72,26
DA:73,26
DA:74,26
DA:75,26
DA:76,26
DA:77,26
DA:78,26
DA:79,26
DA:80,26
DA:81,26
DA:82,26
DA:83,26
DA:84,26
DA:85,26
DA:86,26
DA:87,26
DA:88,26
DA:89,26
DA:90,26
DA:91,26
DA:95,26
DA:96,26
DA:97,26
DA:98,26
DA:99,26
DA:101,26
DA:102,1
DA:105,26
LF:67
LH:67
BRF:0
BRH:0
end_of_record
TN:
SF:src/api/controllers/amazonReferralFeesController.js
FN:5,(anonymous_0)
FN:12,(anonymous_1)
FN:22,(anonymous_2)
FN:37,(anonymous_3)
FN:58,(anonymous_4)
FN:86,(anonymous_5)
FNF:6
FNH:5
FNDA:0,(anonymous_0)
FNDA:1,(anonymous_1)
FNDA:1,(anonymous_2)
FNDA:4,(anonymous_3)
FNDA:1,(anonymous_4)
FNDA:1,(anonymous_5)
DA:1,26
DA:2,26
DA:5,26
DA:6,0
DA:7,0
DA:8,0
DA:12,26
DA:13,1
DA:14,1
DA:15,1
DA:17,0
DA:22,26
DA:23,1
DA:24,1
DA:27,1
DA:28,0
DA:30,1
DA:32,0
DA:37,26
DA:38,4
DA:39,4
DA:44,4
DA:47,4
DA:49,0
DA:50,0
DA:52,0
DA:58,26
DA:59,1
DA:60,1
DA:62,1
DA:63,1
DA:66,1
DA:67,0
DA:70,1
DA:71,1
DA:72,1
DA:77,0
DA:78,0
DA:80,0
DA:86,26
DA:87,1
DA:88,1
DA:92,1
DA:93,0
DA:96,1
DA:100,0
LF:46
LH:31
BRDA:5,0,0,0
BRDA:7,1,0,0
BRDA:7,1,1,0
BRDA:27,2,0,0
BRDA:27,2,1,1
BRDA:49,3,0,0
BRDA:49,3,1,0
BRDA:66,4,0,0
BRDA:66,4,1,1
BRDA:77,5,0,0
BRDA:77,5,1,0
BRDA:92,6,0,0
BRDA:92,6,1,1
BRF:13
BRH:3
end_of_record
TN:
SF:src/api/controllers/asinsController.js
FN:5,(anonymous_0)
FN:12,(anonymous_1)
FN:28,(anonymous_2)
FN:41,(anonymous_3)
FN:63,(anonymous_4)
FN:91,(anonymous_5)
FNF:6
FNH:5
FNDA:0,(anonymous_0)
FNDA:1,(anonymous_1)
FNDA:1,(anonymous_2)
FNDA:12,(anonymous_3)
FNDA:1,(anonymous_4)
FNDA:1,(anonymous_5)
DA:1,26
DA:2,26
DA:5,26
DA:6,0
DA:7,0
DA:8,0
DA:12,26
DA:13,1
DA:15,1
DA:16,0
DA:19,1
DA:20,1
DA:21,1
DA:23,0
DA:28,26
DA:29,1
DA:30,1
DA:31,1
DA:32,0
DA:34,1
DA:36,0
DA:41,26
DA:42,12
DA:45,12
DA:50,12
DA:51,12
DA:54,0
DA:55,0
DA:57,0
DA:63,26
DA:64,1
DA:65,1
DA:67,1
DA:69,1
DA:70,1
DA:71,0
DA:75,1
DA:78,1
DA:80,1
DA:82,0
DA:83,0
DA:85,0
DA:91,26
DA:92,1
DA:93,1
DA:97,1
DA:98,0
DA:101,1
DA:103,0
LF:49
LH:33
BRDA:5,0,0,0
BRDA:7,1,0,0
BRDA:7,1,1,0
BRDA:13,2,0,1
BRDA:13,2,1,1
BRDA:15,3,0,0
BRDA:15,3,1,1
BRDA:31,4,0,0
BRDA:31,4,1,1
BRDA:54,5,0,0
BRDA:54,5,1,0
BRDA:70,6,0,0
BRDA:70,6,1,1
BRDA:82,7,0,0
BRDA:82,7,1,0
BRDA:97,8,0,0
BRDA:97,8,1,1
BRF:17
BRH:6
end_of_record
TN:
SF:src/api/controllers/brandsController.js
FN:4,(anonymous_0)
FN:10,(anonymous_1)
FN:19,(anonymous_2)
FN:31,(anonymous_3)
FN:49,(anonymous_4)
FN:68,(anonymous_5)
FNF:6
FNH:5
FNDA:0,(anonymous_0)
FNDA:1,(anonymous_1)
FNDA:1,(anonymous_2)
FNDA:4,(anonymous_3)
FNDA:1,(anonymous_4)
FNDA:1,(anonymous_5)
DA:1,26
DA:2,26
DA:4,26
DA:5,0
DA:6,0
DA:7,0
DA:10,26
DA:11,1
DA:12,1
DA:13,1
DA:15,0
DA:19,26
DA:20,1
DA:21,1
DA:22,1
DA:23,0
DA:25,1
DA:27,0
DA:31,26
DA:32,4
DA:33,4
DA:38,4
DA:39,4
DA:41,0
DA:42,0
DA:44,0
DA:49,26
DA:50,1
DA:51,1
DA:52,1
DA:53,0
DA:56,1
DA:57,1
DA:58,1
DA:60,0
DA:61,0
DA:63,0
DA:68,26
DA:69,1
DA:70,1
DA:74,1
DA:75,0
DA:78,1
DA:80,0
DA:84,26
LF:45
LH:30
BRDA:4,0,0,0
BRDA:6,1,0,0
BRDA:6,1,1,0
BRDA:22,2,0,0
BRDA:22,2,1,1
BRDA:41,3,0,0
BRDA:41,3,1,0
BRDA:52,4,0,0
BRDA:52,4,1,1
BRDA:60,5,0,0
BRDA:60,5,1,0
BRDA:74,6,0,0
BRDA:74,6,1,1
BRF:13
BRH:3
end_of_record
TN:
SF:src/api/controllers/catalogController.js
FN:4,(anonymous_0)
FN:10,(anonymous_1)
FN:25,(anonymous_2)
FN:37,(anonymous_3)
FN:55,(anonymous_4)
FN:76,(anonymous_5)
FNF:6
FNH:5
FNDA:0,(anonymous_0)
FNDA:1,(anonymous_1)
FNDA:1,(anonymous_2)
FNDA:4,(anonymous_3)
FNDA:1,(anonymous_4)
FNDA:1,(anonymous_5)
DA:1,26
DA:2,26
DA:4,26
DA:5,0
DA:6,0
DA:7,0
DA:10,26
DA:11,1
DA:13,1
DA:14,0
DA:17,1
DA:18,1
DA:19,1
DA:21,0
DA:25,26
DA:26,1
DA:27,1
DA:28,1
DA:29,0
DA:31,1
DA:33,0
DA:37,26
DA:38,4
DA:39,4
DA:44,4
DA:45,4
DA:47,0
DA:48,0
DA:50,0
DA:55,26
DA:56,1
DA:57,1
DA:58,1
DA:59,0
DA:62,1
DA:63,1
DA:64,1
DA:68,0
DA:69,0
DA:71,0
DA:76,26
DA:77,1
DA:78,1
DA:81,1
DA:82,0
DA:84,1
DA:86,0
DA:90,26
LF:48
LH:32
BRDA:4,0,0,0
BRDA:6,1,0,0
BRDA:6,1,1,0
BRDA:11,2,0,1
BRDA:11,2,1,1
BRDA:13,3,0,0
BRDA:13,3,1,1
BRDA:28,4,0,0
BRDA:28,4,1,1
BRDA:47,5,0,0
BRDA:47,5,1,0
BRDA:58,6,0,0
BRDA:58,6,1,1
BRDA:68,7,0,0
BRDA:68,7,1,0
BRDA:81,8,0,0
BRDA:81,8,1,1
BRF:17
BRH:6
end_of_record
TN:
SF:src/api/controllers/countriesController.js
FN:4,(anonymous_0)
FN:11,(anonymous_1)
FN:21,(anonymous_2)
FN:34,(anonymous_3)
FN:48,(anonymous_4)
FN:71,(anonymous_5)
FNF:6
FNH:5
FNDA:0,(anonymous_0)
FNDA:1,(anonymous_1)
FNDA:1,(anonymous_2)
FNDA:4,(anonymous_3)
FNDA:1,(anonymous_4)
FNDA:1,(anonymous_5)
DA:1,26
DA:2,26
DA:4,26
DA:5,0
DA:6,0
DA:7,0
DA:11,26
DA:12,1
DA:13,1
DA:14,1
DA:16,0
DA:21,26
DA:22,1
DA:23,1
DA:24,1
DA:25,0
DA:27,1
DA:29,0
DA:34,26
DA:35,4
DA:36,4
DA:37,4
DA:39,0
DA:40,0
DA:42,0
DA:48,26
DA:49,1
DA:50,1
DA:52,1
DA:53,1
DA:54,1
DA:55,0
DA:58,1
DA:59,1
DA:60,1
DA:62,0
DA:63,0
DA:65,0
DA:71,26
DA:72,1
DA:73,1
DA:77,1
DA:78,0
DA:81,1
DA:83,0
DA:87,26
LF:46
LH:31
BRDA:4,0,0,0
BRDA:6,1,0,0
BRDA:6,1,1,0
BRDA:24,2,0,0
BRDA:24,2,1,1
BRDA:39,3,0,0
BRDA:39,3,1,0
BRDA:54,4,0,0
BRDA:54,4,1,1
BRDA:62,5,0,0
BRDA:62,5,1,0
BRDA:77,6,0,0
BRDA:77,6,1,1
BRF:13
BRH:3
end_of_record
TN:
SF:src/api/controllers/donationsController.js
FN:5,(anonymous_0)
FN:12,(anonymous_1)
FN:22,(anonymous_2)
FN:35,(anonymous_3)
FN:54,(anonymous_4)
FN:76,(anonymous_5)
FNF:6
FNH:5
FNDA:0,(anonymous_0)
FNDA:1,(anonymous_1)
FNDA:1,(anonymous_2)
FNDA:4,(anonymous_3)
FNDA:1,(anonymous_4)
FNDA:1,(anonymous_5)
DA:1,26
DA:2,26
DA:5,26
DA:6,0
DA:7,0
DA:8,0
DA:12,26
DA:13,1
DA:14,1
DA:15,1
DA:17,0
DA:22,26
DA:23,1
DA:24,1
DA:25,1
DA:26,0
DA:28,1
DA:30,0
DA:35,26
DA:36,4
DA:37,4
DA:42,4
DA:43,4
DA:45,0
DA:46,0
DA:48,0
DA:54,26
DA:55,1
DA:56,1
DA:57,1
DA:58,0
DA:61,1
DA:62,1
DA:63,1
DA:67,0
DA:68,0
DA:70,0
DA:76,26
DA:77,1
DA:78,1
DA:82,1
DA:83,0
DA:86,1
DA:88,0
LF:44
LH:29
BRDA:5,0,0,0
BRDA:7,1,0,0
BRDA:7,1,1,0
BRDA:25,2,0,0
BRDA:25,2,1,1
BRDA:45,3,0,0
BRDA:45,3,1,0
BRDA:57,4,0,0
BRDA:57,4,1,1
BRDA:67,5,0,0
BRDA:67,5,1,0
BRDA:82,6,0,0
BRDA:82,6,1,1
BRF:13
BRH:3
end_of_record
TN:
SF:src/api/controllers/eansController.js
FN:5,(anonymous_0)
FN:11,(anonymous_1)
FN:26,(anonymous_2)
FN:38,(anonymous_3)
FN:51,(anonymous_4)
FN:78,(anonymous_5)
FNF:6
FNH:5
FNDA:0,(anonymous_0)
FNDA:2,(anonymous_1)
FNDA:1,(anonymous_2)
FNDA:20,(anonymous_3)
FNDA:1,(anonymous_4)
FNDA:1,(anonymous_5)
DA:1,26
DA:2,26
DA:5,26
DA:6,0
DA:7,0
DA:8,0
DA:11,26
DA:12,2
DA:14,2
DA:15,0
DA:18,2
DA:19,2
DA:20,2
DA:22,0
DA:26,26
DA:27,1
DA:28,1
DA:29,1
DA:30,0
DA:32,1
DA:34,0
DA:38,26
DA:39,20
DA:40,20
DA:41,20
DA:43,0
DA:44,0
DA:46,0
DA:51,26
DA:52,1
DA:53,1
DA:55,1
DA:57,1
DA:58,1
DA:59,0
DA:63,1
DA:66,1
DA:68,1
DA:70,0
DA:71,0
DA:73,0
DA:78,26
DA:79,1
DA:80,1
DA:84,1
DA:85,0
DA:88,1
DA:90,0
DA:94,26
LF:49
LH:33
BRDA:5,0,0,0
BRDA:7,1,0,0
BRDA:7,1,1,0
BRDA:12,2,0,2
BRDA:12,2,1,2
BRDA:14,3,0,0
BRDA:14,3,1,2
BRDA:29,4,0,0
BRDA:29,4,1,1
BRDA:43,5,0,0
BRDA:43,5,1,0
BRDA:58,6,0,0
BRDA:58,6,1,1
BRDA:70,7,0,0
BRDA:70,7,1,0
BRDA:84,8,0,0
BRDA:84,8,1,1
BRF:17
BRH:6
end_of_record
TN:
SF:src/api/controllers/eansInAsinsController.js
FN:4,(anonymous_0)
FN:10,(anonymous_1)
FN:24,(anonymous_2)
FN:36,(anonymous_3)
FN:53,(anonymous_4)
FN:77,(anonymous_5)
FNF:6
FNH:5
FNDA:0,(anonymous_0)
FNDA:1,(anonymous_1)
FNDA:1,(anonymous_2)
FNDA:4,(anonymous_3)
FNDA:1,(anonymous_4)
FNDA:1,(anonymous_5)
DA:1,26
DA:2,26
DA:4,26
DA:5,0
DA:6,0
DA:7,0
DA:10,26
DA:11,1
DA:13,1
DA:14,0
DA:16,1
DA:17,1
DA:18,1
DA:20,0
DA:24,26
DA:25,1
DA:26,1
DA:27,1
DA:28,0
DA:30,1
DA:32,0
DA:36,26
DA:37,4
DA:38,4
DA:42,4
DA:43,4
DA:45,0
DA:46,0
DA:48,0
DA:53,26
DA:54,1
DA:55,1
DA:57,1
DA:58,1
DA:59,1
DA:60,0
DA:62,1
DA:63,1
DA:64,1
DA:69,0
DA:70,0
DA:72,0
DA:77,26
DA:78,1
DA:79,1
DA:82,1
DA:83,0
DA:85,1
DA:89,0
DA:93,26
LF:50
LH:34
BRDA:4,0,0,0
BRDA:6,1,0,0
BRDA:6,1,1,0
BRDA:11,2,0,1
BRDA:11,2,1,1
BRDA:13,3,0,0
BRDA:13,3,1,1
BRDA:27,4,0,0
BRDA:27,4,1,1
BRDA:45,5,0,0
BRDA:45,5,1,0
BRDA:59,6,0,0
BRDA:59,6,1,1
BRDA:69,7,0,0
BRDA:69,7,1,0
BRDA:82,8,0,0
BRDA:82,8,1,1
BRF:17
BRH:6
end_of_record
TN:
SF:src/api/controllers/eansInDonationsController.js
FN:5,(anonymous_0)
FN:12,(anonymous_1)
FN:27,(anonymous_2)
FN:42,(anonymous_3)
FN:63,(anonymous_4)
FN:94,(anonymous_5)
FNF:6
FNH:5
FNDA:0,(anonymous_0)
FNDA:1,(anonymous_1)
FNDA:1,(anonymous_2)
FNDA:4,(anonymous_3)
FNDA:1,(anonymous_4)
FNDA:1,(anonymous_5)
DA:1,26
DA:2,26
DA:5,26
DA:6,0
DA:7,0
DA:8,0
DA:12,26
DA:13,1
DA:15,1
DA:16,0
DA:18,1
DA:19,1
DA:20,1
DA:22,0
DA:27,26
DA:28,1
DA:29,1
DA:32,1
DA:33,0
DA:35,1
DA:37,0
DA:42,26
DA:43,4
DA:44,4
DA:51,4
DA:52,4
DA:54,0
DA:55,0
DA:57,0
DA:63,26
DA:64,1
DA:66,1
DA:67,1
DA:68,1
DA:69,0
DA:73,1
DA:74,1
DA:75,1
DA:79,1
DA:81,1
DA:85,0
DA:86,0
DA:88,0
DA:94,26
DA:95,1
DA:96,1
DA:100,1
DA:101,0
DA:104,1
DA:106,0
DA:110,26
LF:51
LH:35
BRDA:5,0,0,0
BRDA:7,1,0,0
BRDA:7,1,1,0
BRDA:13,2,0,1
BRDA:13,2,1,1
BRDA:15,3,0,0
BRDA:15,3,1,1
BRDA:32,4,0,0
BRDA:32,4,1,1
BRDA:54,5,0,0
BRDA:54,5,1,0
BRDA:68,6,0,0
BRDA:68,6,1,1
BRDA:74,7,0,1
BRDA:74,7,1,0
BRDA:85,8,0,0
BRDA:85,8,1,0
BRDA:100,9,0,0
BRDA:100,9,1,1
BRF:19
BRH:7
end_of_record
TN:
SF:src/api/controllers/eansInSuppliersOrdersController.js
FN:4,(anonymous_0)
FN:10,(anonymous_1)
FN:27,(anonymous_2)
FN:41,(anonymous_3)
FN:61,(anonymous_4)
FN:90,(anonymous_5)
FNF:6
FNH:5
FNDA:0,(anonymous_0)
FNDA:1,(anonymous_1)
FNDA:1,(anonymous_2)
FNDA:4,(anonymous_3)
FNDA:1,(anonymous_4)
FNDA:1,(anonymous_5)
DA:1,26
DA:2,26
DA:4,26
DA:5,0
DA:6,0
DA:7,0
DA:10,26
DA:11,1
DA:13,1
DA:14,0
DA:17,1
DA:18,1
DA:21,1
DA:23,0
DA:27,26
DA:28,1
DA:29,1
DA:32,1
DA:33,0
DA:35,1
DA:37,0
DA:41,26
DA:42,4
DA:43,4
DA:48,4
DA:51,4
DA:53,0
DA:54,0
DA:56,0
DA:61,26
DA:62,1
DA:63,1
DA:65,1
DA:66,1
DA:69,1
DA:70,0
DA:75,1
DA:76,1
DA:77,1
DA:82,0
DA:83,0
DA:85,0
DA:90,26
DA:91,1
DA:92,1
DA:96,1
DA:97,0
DA:102,1
DA:106,0
DA:110,26
LF:50
LH:34
BRDA:4,0,0,0
BRDA:6,1,0,0
BRDA:6,1,1,0
BRDA:11,2,0,1
BRDA:11,2,1,1
BRDA:13,3,0,0
BRDA:13,3,1,1
BRDA:32,4,0,0
BRDA:32,4,1,1
BRDA:53,5,0,0
BRDA:53,5,1,0
BRDA:69,6,0,0
BRDA:69,6,1,1
BRDA:82,7,0,0
BRDA:82,7,1,0
BRDA:96,8,0,0
BRDA:96,8,1,1
BRF:17
BRH:6
end_of_record
TN:
SF:src/api/controllers/fbaFeesController.js
FN:5,(anonymous_0)
FN:12,(anonymous_1)
FN:27,(anonymous_2)
FN:40,(anonymous_3)
FN:57,(anonymous_4)
FN:76,(anonymous_5)
FNF:6
FNH:5
FNDA:0,(anonymous_0)
FNDA:1,(anonymous_1)
FNDA:1,(anonymous_2)
FNDA:4,(anonymous_3)
FNDA:1,(anonymous_4)
FNDA:1,(anonymous_5)
DA:1,26
DA:2,26
DA:5,26
DA:6,0
DA:7,0
DA:8,0
DA:12,26
DA:13,1
DA:15,1
DA:16,0
DA:18,1
DA:19,1
DA:20,1
DA:22,0
DA:27,26
DA:28,1
DA:29,1
DA:30,1
DA:31,0
DA:33,1
DA:35,0
DA:40,26
DA:41,4
DA:42,4
DA:46,4
DA:48,0
DA:49,0
DA:51,0
DA:57,26
DA:58,1
DA:59,1
DA:60,1
DA:61,0
DA:64,1
DA:65,1
DA:67,0
DA:68,0
DA:70,0
DA:76,26
DA:77,1
DA:78,1
DA:82,1
DA:83,0
DA:86,1
DA:88,0
DA:92,26
LF:46
LH:30
BRDA:5,0,0,0
BRDA:7,1,0,0
BRDA:7,1,1,0
BRDA:13,2,0,1
BRDA:13,2,1,1
BRDA:15,3,0,0
BRDA:15,3,1,1
BRDA:30,4,0,0
BRDA:30,4,1,1
BRDA:48,5,0,0
BRDA:48,5,1,0
BRDA:60,6,0,0
BRDA:60,6,1,1
BRDA:67,7,0,0
BRDA:67,7,1,0
BRDA:82,8,0,0
BRDA:82,8,1,1
BRF:17
BRH:6
end_of_record
TN:
SF:src/api/controllers/minimumSellingPricesController.js
FN:4,(anonymous_0)
FN:10,(anonymous_1)
FN:26,(anonymous_2)
FN:40,(anonymous_3)
FN:60,(anonymous_4)
FN:84,(anonymous_5)
FNF:6
FNH:5
FNDA:0,(anonymous_0)
FNDA:1,(anonymous_1)
FNDA:1,(anonymous_2)
FNDA:4,(anonymous_3)
FNDA:1,(anonymous_4)
FNDA:1,(anonymous_5)
DA:1,26
DA:2,26
DA:4,26
DA:5,0
DA:6,0
DA:7,0
DA:10,26
DA:11,1
DA:13,1
DA:14,0
DA:16,1
DA:17,1
DA:20,1
DA:22,0
DA:26,26
DA:27,1
DA:28,1
DA:31,1
DA:32,0
DA:34,1
DA:36,0
DA:40,26
DA:41,4
DA:42,4
DA:47,4
DA:50,4
DA:52,0
DA:53,0
DA:55,0
DA:60,26
DA:61,1
DA:62,1
DA:65,1
DA:66,0
DA:69,1
DA:70,1
DA:71,1
DA:76,0
DA:77,0
DA:79,0
DA:84,26
DA:85,1
DA:86,1
DA:90,1
DA:91,0
DA:94,1
DA:98,0
LF:47
LH:31
BRDA:4,0,0,0
BRDA:6,1,0,0
BRDA:6,1,1,0
BRDA:11,2,0,1
BRDA:11,2,1,1
BRDA:13,3,0,0
BRDA:13,3,1,1
BRDA:31,4,0,0
BRDA:31,4,1,1
BRDA:52,5,0,0
BRDA:52,5,1,0
BRDA:65,6,0,0
BRDA:65,6,1,1
BRDA:76,7,0,0
BRDA:76,7,1,0
BRDA:90,8,0,0
BRDA:90,8,1,1
BRF:17
BRH:6
end_of_record
TN:
SF:src/api/controllers/priceGridFbaFeesController.js
FN:4,(anonymous_0)
FN:10,(anonymous_1)
FN:19,(anonymous_2)
FN:33,(anonymous_3)
FN:53,(anonymous_4)
FN:79,(anonymous_5)
FNF:6
FNH:5
FNDA:0,(anonymous_0)
FNDA:1,(anonymous_1)
FNDA:1,(anonymous_2)
FNDA:4,(anonymous_3)
FNDA:1,(anonymous_4)
FNDA:1,(anonymous_5)
DA:1,26
DA:2,26
DA:4,26
DA:5,0
DA:6,0
DA:7,0
DA:10,26
DA:11,1
DA:12,1
DA:13,1
DA:15,0
DA:19,26
DA:20,1
DA:21,1
DA:24,1
DA:25,0
DA:27,1
DA:29,0
DA:33,26
DA:34,4
DA:35,4
DA:40,4
DA:43,4
DA:45,0
DA:46,0
DA:48,0
DA:53,26
DA:54,1
DA:55,1
DA:57,1
DA:59,1
DA:60,1
DA:61,0
DA:64,1
DA:65,1
DA:66,1
DA:71,0
DA:72,0
DA:74,0
DA:79,26
DA:80,1
DA:81,1
DA:85,1
DA:86,0
DA:89,1
DA:93,0
DA:97,26
LF:47
LH:32
BRDA:4,0,0,0
BRDA:6,1,0,0
BRDA:6,1,1,0
BRDA:24,2,0,0
BRDA:24,2,1,1
BRDA:45,3,0,0
BRDA:45,3,1,0
BRDA:60,4,0,0
BRDA:60,4,1,1
BRDA:71,5,0,0
BRDA:71,5,1,0
BRDA:85,6,0,0
BRDA:85,6,1,1
BRF:13
BRH:3
end_of_record
TN:
SF:src/api/controllers/pricingRulesController.js
FN:4,(anonymous_0)
FN:11,(anonymous_1)
FN:21,(anonymous_2)
FN:34,(anonymous_3)
FN:53,(anonymous_4)
FN:78,(anonymous_5)
FNF:6
FNH:5
FNDA:0,(anonymous_0)
FNDA:1,(anonymous_1)
FNDA:1,(anonymous_2)
FNDA:4,(anonymous_3)
FNDA:1,(anonymous_4)
FNDA:1,(anonymous_5)
DA:1,26
DA:2,26
DA:4,26
DA:5,0
DA:6,0
DA:7,0
DA:11,26
DA:12,1
DA:13,1
DA:14,1
DA:16,0
DA:21,26
DA:22,1
DA:23,1
DA:24,1
DA:25,0
DA:27,1
DA:29,0
DA:34,26
DA:35,4
DA:36,4
DA:41,4
DA:42,4
DA:44,0
DA:45,0
DA:47,0
DA:53,26
DA:54,1
DA:55,1
DA:57,1
DA:58,1
DA:59,1
DA:60,0
DA:63,1
DA:64,1
DA:65,1
DA:69,0
DA:70,0
DA:72,0
DA:78,26
DA:79,1
DA:80,1
DA:84,1
DA:85,0
DA:88,1
DA:90,0
DA:94,26
LF:47
LH:32
BRDA:4,0,0,0
BRDA:6,1,0,0
BRDA:6,1,1,0
BRDA:24,2,0,0
BRDA:24,2,1,1
BRDA:44,3,0,0
BRDA:44,3,1,0
BRDA:59,4,0,0
BRDA:59,4,1,1
BRDA:69,5,0,0
BRDA:69,5,1,0
BRDA:84,6,0,0
BRDA:84,6,1,1
BRF:13
BRH:3
end_of_record
TN:
SF:src/api/controllers/productAndAmzReferralFeeCategoriesMappingController.js
FN:4,(anonymous_0)
FN:11,(anonymous_1)
FN:21,(anonymous_2)
FN:36,(anonymous_3)
FN:56,(anonymous_4)
FN:84,(anonymous_5)
FNF:6
FNH:6
FNDA:1,(anonymous_0)
FNDA:1,(anonymous_1)
FNDA:1,(anonymous_2)
FNDA:4,(anonymous_3)
FNDA:1,(anonymous_4)
FNDA:1,(anonymous_5)
DA:1,26
DA:2,26
DA:4,26
DA:5,1
DA:6,1
DA:7,1
DA:11,26
DA:12,1
DA:13,1
DA:14,1
DA:16,0
DA:21,26
DA:22,1
DA:23,1
DA:26,1
DA:27,0
DA:29,1
DA:31,0
DA:36,26
DA:37,4
DA:38,4
DA:44,4
DA:45,4
DA:47,0
DA:48,0
DA:50,0
DA:56,26
DA:57,1
DA:58,1
DA:60,1
DA:61,1
DA:64,1
DA:65,0
DA:68,1
DA:69,1
DA:70,0
DA:75,1
DA:76,1
DA:78,0
DA:84,26
DA:85,1
DA:87,1
DA:93,1
DA:94,0
DA:97,1
DA:99,0
LF:46
LH:35
BRDA:4,0,0,0
BRDA:6,1,0,0
BRDA:6,1,1,1
BRDA:26,2,0,0
BRDA:26,2,1,1
BRDA:47,3,0,0
BRDA:47,3,1,0
BRDA:64,4,0,0
BRDA:64,4,1,1
BRDA:75,5,0,1
BRDA:75,5,1,0
BRDA:93,6,0,0
BRDA:93,6,1,1
BRF:13
BRH:5
end_of_record
TN:
SF:src/api/controllers/productCategoriesController.js
FN:5,(anonymous_0)
FN:12,(anonymous_1)
FN:22,(anonymous_2)
FN:37,(anonymous_3)
FN:58,(anonymous_4)
FN:80,(anonymous_5)
FNF:6
FNH:5
FNDA:0,(anonymous_0)
FNDA:1,(anonymous_1)
FNDA:1,(anonymous_2)
FNDA:4,(anonymous_3)
FNDA:1,(anonymous_4)
FNDA:1,(anonymous_5)
DA:1,26
DA:2,26
DA:5,26
DA:6,0
DA:7,0
DA:8,0
DA:12,26
DA:13,1
DA:14,1
DA:15,1
DA:17,0
DA:22,26
DA:23,1
DA:24,1
DA:27,1
DA:28,0
DA:30,1
DA:32,0
DA:37,26
DA:38,4
DA:39,4
DA:44,4
DA:47,4
DA:49,0
DA:50,0
DA:52,0
DA:58,26
DA:59,1
DA:60,1
DA:63,1
DA:64,0
DA:67,1
DA:68,1
DA:69,1
DA:71,0
DA:72,0
DA:74,0
DA:80,26
DA:81,1
DA:82,1
DA:86,1
DA:87,0
DA:90,1
DA:92,0
DA:96,26
LF:45
LH:30
BRDA:5,0,0,0
BRDA:7,1,0,0
BRDA:7,1,1,0
BRDA:27,2,0,0
BRDA:27,2,1,1
BRDA:49,3,0,0
BRDA:49,3,1,0
BRDA:63,4,0,0
BRDA:63,4,1,1
BRDA:71,5,0,0
BRDA:71,5,1,0
BRDA:86,6,0,0
BRDA:86,6,1,1
BRF:13
BRH:3
end_of_record
TN:
SF:src/api/controllers/productCategoriesRanksController.js
FN:4,(anonymous_0)
FN:10,(anonymous_1)
FN:19,(anonymous_2)
FN:33,(anonymous_3)
FN:53,(anonymous_4)
FN:79,(anonymous_5)
FNF:6
FNH:5
FNDA:0,(anonymous_0)
FNDA:1,(anonymous_1)
FNDA:1,(anonymous_2)
FNDA:4,(anonymous_3)
FNDA:1,(anonymous_4)
FNDA:1,(anonymous_5)
DA:1,26
DA:2,26
DA:4,26
DA:5,0
DA:6,0
DA:7,0
DA:10,26
DA:11,1
DA:12,1
DA:13,1
DA:15,0
DA:19,26
DA:20,1
DA:21,1
DA:24,1
DA:25,0
DA:27,1
DA:29,0
DA:33,26
DA:34,4
DA:35,4
DA:40,4
DA:43,4
DA:45,0
DA:46,0
DA:48,0
DA:53,26
DA:54,1
DA:55,1
DA:57,1
DA:58,1
DA:59,1
DA:60,0
DA:65,1
DA:66,1
DA:67,1
DA:71,0
DA:72,0
DA:74,0
DA:79,26
DA:80,1
DA:81,1
DA:85,1
DA:86,0
DA:91,1
DA:95,0
LF:46
LH:31
BRDA:4,0,0,0
BRDA:6,1,0,0
BRDA:6,1,1,0
BRDA:24,2,0,0
BRDA:24,2,1,1
BRDA:45,3,0,0
BRDA:45,3,1,0
BRDA:59,4,0,0
BRDA:59,4,1,1
BRDA:71,5,0,0
BRDA:71,5,1,0
BRDA:85,6,0,0
BRDA:85,6,1,1
BRF:13
BRH:3
end_of_record
TN:
SF:src/api/controllers/productTaxCategoriesController.js
FN:5,(anonymous_0)
FN:12,(anonymous_1)
FN:22,(anonymous_2)
FN:37,(anonymous_3)
FN:58,(anonymous_4)
FN:87,(anonymous_5)
FNF:6
FNH:5
FNDA:0,(anonymous_0)
FNDA:1,(anonymous_1)
FNDA:1,(anonymous_2)
FNDA:4,(anonymous_3)
FNDA:1,(anonymous_4)
FNDA:1,(anonymous_5)
DA:1,26
DA:2,26
DA:5,26
DA:6,0
DA:7,0
DA:8,0
DA:12,26
DA:13,1
DA:14,1
DA:15,1
DA:17,0
DA:22,26
DA:23,1
DA:24,1
DA:27,1
DA:28,0
DA:30,1
DA:32,0
DA:37,26
DA:38,4
DA:39,4
DA:44,4
DA:47,4
DA:49,0
DA:50,0
DA:52,0
DA:58,26
DA:59,1
DA:60,1
DA:62,1
DA:64,1
DA:65,1
DA:66,0
DA:71,1
DA:72,1
DA:73,1
DA:78,0
DA:79,0
DA:81,0
DA:87,26
DA:88,1
DA:89,1
DA:93,1
DA:94,0
DA:99,1
DA:103,0
DA:107,26
LF:47
LH:32
BRDA:5,0,0,0
BRDA:7,1,0,0
BRDA:7,1,1,0
BRDA:27,2,0,0
BRDA:27,2,1,1
BRDA:49,3,0,0
BRDA:49,3,1,0
BRDA:65,4,0,0
BRDA:65,4,1,1
BRDA:78,5,0,0
BRDA:78,5,1,0
BRDA:93,6,0,0
BRDA:93,6,1,1
BRF:13
BRH:3
end_of_record
TN:
SF:src/api/controllers/skusController.js
FN:5,(anonymous_0)
FN:12,(anonymous_1)
FN:28,(anonymous_2)
FN:41,(anonymous_3)
FN:60,(anonymous_4)
FN:81,(anonymous_5)
FNF:6
FNH:5
FNDA:0,(anonymous_0)
FNDA:1,(anonymous_1)
FNDA:1,(anonymous_2)
FNDA:4,(anonymous_3)
FNDA:1,(anonymous_4)
FNDA:1,(anonymous_5)
DA:1,26
DA:2,26
DA:5,26
DA:6,0
DA:7,0
DA:8,0
DA:12,26
DA:13,1
DA:15,1
DA:16,0
DA:19,1
DA:20,1
DA:21,1
DA:23,0
DA:28,26
DA:29,1
DA:30,1
DA:31,1
DA:32,0
DA:34,1
DA:36,0
DA:41,26
DA:42,4
DA:43,4
DA:48,4
DA:49,4
DA:51,0
DA:52,0
DA:54,0
DA:60,26
DA:61,1
DA:62,1
DA:63,1
DA:64,0
DA:67,1
DA:68,1
DA:70,1
DA:72,0
DA:73,0
DA:75,0
DA:81,26
DA:82,1
DA:83,1
DA:87,1
DA:88,0
DA:91,1
DA:93,0
DA:97,26
LF:48
LH:32
BRDA:5,0,0,0
BRDA:7,1,0,0
BRDA:7,1,1,0
BRDA:13,2,0,1
BRDA:13,2,1,1
BRDA:15,3,0,0
BRDA:15,3,1,1
BRDA:31,4,0,0
BRDA:31,4,1,1
BRDA:51,5,0,0
BRDA:51,5,1,0
BRDA:63,6,0,0
BRDA:63,6,1,1
BRDA:72,7,0,0
BRDA:72,7,1,0
BRDA:87,8,0,0
BRDA:87,8,1,1
BRF:17
BRH:6
end_of_record
TN:
SF:src/api/controllers/suppliersBrandCatalogController.js
FN:4,(anonymous_0)
FN:10,(anonymous_1)
FN:26,(anonymous_2)
FN:42,(anonymous_3)
FN:62,(anonymous_4)
FN:91,(anonymous_5)
FNF:6
FNH:0
FNDA:0,(anonymous_0)
FNDA:0,(anonymous_1)
FNDA:0,(anonymous_2)
FNDA:0,(anonymous_3)
FNDA:0,(anonymous_4)
FNDA:0,(anonymous_5)
DA:1,26
DA:2,26
DA:4,26
DA:5,0
DA:6,0
DA:7,0
DA:10,26
DA:11,0
DA:13,0
DA:14,0
DA:16,0
DA:17,0
DA:20,0
DA:22,0
DA:26,26
DA:27,0
DA:28,0
DA:31,0
DA:32,0
DA:36,0
DA:38,0
DA:42,26
DA:43,0
DA:44,0
DA:49,0
DA:52,0
DA:54,0
DA:55,0
DA:57,0
DA:62,26
DA:63,0
DA:64,0
DA:66,0
DA:67,0
DA:70,0
DA:71,0
DA:76,0
DA:77,0
DA:78,0
DA:83,0
DA:84,0
DA:86,0
DA:91,26
DA:92,0
DA:93,0
DA:97,0
DA:98,0
DA:103,0
DA:107,0
DA:111,26
LF:50
LH:9
BRDA:4,0,0,0
BRDA:6,1,0,0
BRDA:6,1,1,0
BRDA:11,2,0,0
BRDA:11,2,1,0
BRDA:13,3,0,0
BRDA:13,3,1,0
BRDA:31,4,0,0
BRDA:31,4,1,0
BRDA:54,5,0,0
BRDA:54,5,1,0
BRDA:70,6,0,0
BRDA:70,6,1,0
BRDA:83,7,0,0
BRDA:83,7,1,0
BRDA:97,8,0,0
BRDA:97,8,1,0
BRF:17
BRH:0
end_of_record
TN:
SF:src/api/controllers/suppliersController.js
FN:5,(anonymous_0)
FN:12,(anonymous_1)
FN:27,(anonymous_2)
FN:40,(anonymous_3)
FN:61,(anonymous_4)
FN:86,(anonymous_5)
FNF:6
FNH:5
FNDA:0,(anonymous_0)
FNDA:1,(anonymous_1)
FNDA:1,(anonymous_2)
FNDA:4,(anonymous_3)
FNDA:1,(anonymous_4)
FNDA:1,(anonymous_5)
DA:1,26
DA:2,26
DA:5,26
DA:6,0
DA:7,0
DA:8,0
DA:12,26
DA:13,1
DA:15,1
DA:16,0
DA:18,1
DA:19,1
DA:20,1
DA:22,0
DA:27,26
DA:28,1
DA:29,1
DA:30,1
DA:31,0
DA:33,1
DA:35,0
DA:40,26
DA:41,4
DA:44,4
DA:49,4
DA:50,4
DA:52,0
DA:53,0
DA:55,0
DA:61,26
DA:62,1
DA:63,1
DA:64,1
DA:65,0
DA:69,1
DA:72,1
DA:73,1
DA:77,0
DA:78,0
DA:80,0
DA:86,26
DA:87,1
DA:88,1
DA:92,1
DA:93,0
DA:96,1
DA:98,0
LF:47
LH:31
BRDA:5,0,0,0
BRDA:7,1,0,0
BRDA:7,1,1,0
BRDA:13,2,0,1
BRDA:13,2,1,1
BRDA:15,3,0,0
BRDA:15,3,1,1
BRDA:30,4,0,0
BRDA:30,4,1,1
BRDA:52,5,0,0
BRDA:52,5,1,0
BRDA:64,6,0,0
BRDA:64,6,1,1
BRDA:77,7,0,0
BRDA:77,7,1,0
BRDA:92,8,0,0
BRDA:92,8,1,1
BRF:17
BRH:6
end_of_record
TN:
SF:src/api/controllers/suppliersOrdersController.js
FN:5,(anonymous_0)
FN:12,(anonymous_1)
FN:27,(anonymous_2)
FN:42,(anonymous_3)
FN:62,(anonymous_4)
FN:85,(anonymous_5)
FNF:6
FNH:5
FNDA:0,(anonymous_0)
FNDA:1,(anonymous_1)
FNDA:1,(anonymous_2)
FNDA:8,(anonymous_3)
FNDA:1,(anonymous_4)
FNDA:1,(anonymous_5)
DA:1,26
DA:2,26
DA:5,26
DA:6,0
DA:7,0
DA:8,0
DA:12,26
DA:13,1
DA:15,1
DA:16,0
DA:18,1
DA:19,1
DA:20,1
DA:22,0
DA:27,26
DA:28,1
DA:29,1
DA:32,1
DA:33,0
DA:35,1
DA:37,0
DA:42,26
DA:43,8
DA:44,8
DA:50,8
DA:51,8
DA:53,0
DA:54,0
DA:56,0
DA:62,26
DA:63,1
DA:64,1
DA:67,1
DA:68,0
DA:71,1
DA:72,1
DA:76,0
DA:77,0
DA:79,0
DA:85,26
DA:86,1
DA:87,1
DA:91,1
DA:92,0
DA:95,1
DA:97,0
DA:101,26
LF:47
LH:31
BRDA:5,0,0,0
BRDA:7,1,0,0
BRDA:7,1,1,0
BRDA:13,2,0,1
BRDA:13,2,1,1
BRDA:15,3,0,0
BRDA:15,3,1,1
BRDA:32,4,0,0
BRDA:32,4,1,1
BRDA:53,5,0,0
BRDA:53,5,1,0
BRDA:67,6,0,0
BRDA:67,6,1,1
BRDA:76,7,0,0
BRDA:76,7,1,0
BRDA:91,8,0,0
BRDA:91,8,1,1
BRF:17
BRH:6
end_of_record
TN:
SF:src/api/controllers/vatCategoriesController.js
FN:4,(anonymous_0)
FN:11,(anonymous_1)
FN:21,(anonymous_2)
FN:34,(anonymous_3)
FN:48,(anonymous_4)
FN:73,(anonymous_5)
FNF:6
FNH:0
FNDA:0,(anonymous_0)
FNDA:0,(anonymous_1)
FNDA:0,(anonymous_2)
FNDA:0,(anonymous_3)
FNDA:0,(anonymous_4)
FNDA:0,(anonymous_5)
DA:1,26
DA:2,26
DA:4,26
DA:5,0
DA:6,0
DA:7,0
DA:11,26
DA:12,0
DA:13,0
DA:14,0
DA:16,0
DA:21,26
DA:22,0
DA:23,0
DA:24,0
DA:25,0
DA:27,0
DA:29,0
DA:34,26
DA:35,0
DA:36,0
DA:37,0
DA:39,0
DA:40,0
DA:42,0
DA:48,26
DA:49,0
DA:50,0
DA:52,0
DA:53,0
DA:54,0
DA:55,0
DA:58,0
DA:59,0
DA:60,0
DA:64,0
DA:65,0
DA:67,0
DA:73,26
DA:74,0
DA:75,0
DA:79,0
DA:80,0
DA:83,0
DA:85,0
DA:89,26
LF:46
LH:9
BRDA:4,0,0,0
BRDA:6,1,0,0
BRDA:6,1,1,0
BRDA:24,2,0,0
BRDA:24,2,1,0
BRDA:39,3,0,0
BRDA:39,3,1,0
BRDA:54,4,0,0
BRDA:54,4,1,0
BRDA:64,5,0,0
BRDA:64,5,1,0
BRDA:79,6,0,0
BRDA:79,6,1,0
BRF:13
BRH:0
end_of_record
TN:
SF:src/api/controllers/vatRatesPerCountryController.js
FN:5,(anonymous_0)
FN:12,(anonymous_1)
FN:22,(anonymous_2)
FN:37,(anonymous_3)
FN:58,(anonymous_4)
FN:87,(anonymous_5)
FNF:6
FNH:5
FNDA:0,(anonymous_0)
FNDA:1,(anonymous_1)
FNDA:1,(anonymous_2)
FNDA:4,(anonymous_3)
FNDA:1,(anonymous_4)
FNDA:1,(anonymous_5)
DA:1,26
DA:2,26
DA:5,26
DA:6,0
DA:7,0
DA:8,0
DA:12,26
DA:13,1
DA:14,1
DA:15,1
DA:17,0
DA:22,26
DA:23,1
DA:24,1
DA:27,1
DA:28,0
DA:30,1
DA:32,0
DA:37,26
DA:38,4
DA:39,4
DA:44,4
DA:47,4
DA:49,0
DA:50,0
DA:52,0
DA:58,26
DA:59,1
DA:60,1
DA:62,1
DA:64,1
DA:65,1
DA:66,0
DA:71,1
DA:72,1
DA:73,1
DA:78,0
DA:79,0
DA:81,0
DA:87,26
DA:88,1
DA:89,1
DA:93,1
DA:94,0
DA:99,1
DA:103,0
DA:107,26
LF:47
LH:32
BRDA:5,0,0,0
BRDA:7,1,0,0
BRDA:7,1,1,0
BRDA:27,2,0,0
BRDA:27,2,1,1
BRDA:49,3,0,0
BRDA:49,3,1,0
BRDA:65,4,0,0
BRDA:65,4,1,1
BRDA:78,5,0,0
BRDA:78,5,1,0
BRDA:93,6,0,0
BRDA:93,6,1,1
BRF:13
BRH:3
end_of_record
TN:
SF:src/api/controllers/warehousesController.js
FN:5,(anonymous_0)
FN:12,(anonymous_1)
FN:22,(anonymous_2)
FN:35,(anonymous_3)
FN:54,(anonymous_4)
FN:79,(anonymous_5)
FNF:6
FNH:5
FNDA:0,(anonymous_0)
FNDA:1,(anonymous_1)
FNDA:1,(anonymous_2)
FNDA:4,(anonymous_3)
FNDA:1,(anonymous_4)
FNDA:1,(anonymous_5)
DA:1,26
DA:2,26
DA:5,26
DA:6,0
DA:7,0
DA:8,0
DA:12,26
DA:13,1
DA:14,1
DA:15,1
DA:17,0
DA:22,26
DA:23,1
DA:24,1
DA:25,1
DA:26,0
DA:28,1
DA:30,0
DA:35,26
DA:36,4
DA:37,4
DA:42,4
DA:43,4
DA:45,0
DA:46,0
DA:48,0
DA:54,26
DA:55,1
DA:56,1
DA:58,1
DA:59,1
DA:60,1
DA:61,0
DA:64,1
DA:65,1
DA:66,1
DA:70,0
DA:71,0
DA:73,0
DA:79,26
DA:80,1
DA:81,1
DA:85,1
DA:86,0
DA:89,1
DA:91,0
DA:95,26
LF:47
LH:32
BRDA:5,0,0,0
BRDA:7,1,0,0
BRDA:7,1,1,0
BRDA:25,2,0,0
BRDA:25,2,1,1
BRDA:45,3,0,0
BRDA:45,3,1,0
BRDA:60,4,0,0
BRDA:60,4,1,1
BRDA:70,5,0,0
BRDA:70,5,1,0
BRDA:85,6,0,0
BRDA:85,6,1,1
BRF:13
BRH:3
end_of_record
TN:
SF:src/api/controllers/warehousesStockController.js
FN:5,(anonymous_0)
FN:12,(anonymous_1)
FN:27,(anonymous_2)
FN:42,(anonymous_3)
FN:63,(anonymous_4)
FN:89,(anonymous_5)
FNF:6
FNH:5
FNDA:0,(anonymous_0)
FNDA:1,(anonymous_1)
FNDA:1,(anonymous_2)
FNDA:4,(anonymous_3)
FNDA:1,(anonymous_4)
FNDA:1,(anonymous_5)
DA:1,26
DA:2,26
DA:5,26
DA:6,0
DA:7,0
DA:8,0
DA:12,26
DA:13,1
DA:15,1
DA:16,0
DA:18,1
DA:19,1
DA:20,1
DA:22,0
DA:27,26
DA:28,1
DA:29,1
DA:32,1
DA:33,0
DA:35,1
DA:37,0
DA:42,26
DA:43,4
DA:44,4
DA:49,4
DA:52,4
DA:54,0
DA:55,0
DA:57,0
DA:63,26
DA:64,1
DA:65,1
DA:67,1
DA:68,1
DA:69,1
DA:70,0
DA:73,1
DA:74,1
DA:75,1
DA:80,0
DA:81,0
DA:83,0
DA:89,26
DA:90,1
DA:91,1
DA:95,1
DA:96,0
DA:99,1
DA:101,0
LF:49
LH:33
BRDA:5,0,0,0
BRDA:7,1,0,0
BRDA:7,1,1,0
BRDA:13,2,0,1
BRDA:13,2,1,1
BRDA:15,3,0,0
BRDA:15,3,1,1
BRDA:32,4,0,0
BRDA:32,4,1,1
BRDA:54,5,0,0
BRDA:54,5,1,0
BRDA:69,6,0,0
BRDA:69,6,1,1
BRDA:80,7,0,0
BRDA:80,7,1,0
BRDA:95,8,0,0
BRDA:95,8,1,1
BRF:17
BRH:6
end_of_record
TN:
SF:src/api/models/afnInventoryDailyUpdate.js
FN:3,(anonymous_0)
FNF:1
FNH:1
FNDA:45,(anonymous_0)
DA:1,45
DA:3,45
DA:11,45
DA:46,45
LF:4
LH:4
BRF:0
BRH:0
end_of_record
TN:
SF:src/api/models/amazonReferralFee.js
FN:3,(anonymous_0)
FNF:1
FNH:1
FNDA:45,(anonymous_0)
DA:1,45
DA:3,45
DA:11,45
DA:61,45
LF:4
LH:4
BRF:0
BRH:0
end_of_record
TN:
SF:src/api/models/asin.js
FN:3,(anonymous_0)
FNF:1
FNH:1
FNDA:45,(anonymous_0)
DA:1,45
DA:3,45
DA:11,45
DA:106,45
LF:4
LH:4
BRF:0
BRH:0
end_of_record
TN:
SF:src/api/models/asinSku.js
FN:3,(anonymous_0)
FNF:1
FNH:1
FNDA:45,(anonymous_0)
DA:1,45
DA:3,45
DA:11,45
DA:43,45
LF:4
LH:4
BRF:0
BRH:0
end_of_record
TN:
SF:src/api/models/brand.js
FN:3,(anonymous_0)
FNF:1
FNH:1
FNDA:45,(anonymous_0)
DA:1,45
DA:3,45
DA:11,45
DA:31,45
LF:4
LH:4
BRF:0
BRH:0
end_of_record
TN:
SF:src/api/models/catalog.js
FN:4,(anonymous_0)
FNF:1
FNH:1
FNDA:45,(anonymous_0)
DA:2,45
DA:4,45
DA:12,45
DA:74,45
LF:4
LH:4
BRF:0
BRH:0
end_of_record
TN:
SF:src/api/models/country.js
FN:3,(anonymous_0)
FNF:1
FNH:1
FNDA:45,(anonymous_0)
DA:1,45
DA:3,45
DA:11,45
DA:30,45
LF:4
LH:4
BRF:0
BRH:0
end_of_record
TN:
SF:src/api/models/donation.js
FN:3,(anonymous_0)
FNF:1
FNH:1
FNDA:45,(anonymous_0)
DA:1,45
DA:3,45
DA:11,45
DA:46,45
LF:4
LH:4
BRF:0
BRH:0
end_of_record
TN:
SF:src/api/models/ean.js
FN:3,(anonymous_0)
FNF:1
FNH:1
FNDA:45,(anonymous_0)
DA:1,45
DA:3,45
DA:11,45
DA:45,45
LF:4
LH:4
BRF:0
BRH:0
end_of_record
TN:
SF:src/api/models/eanInAsin.js
FN:3,(anonymous_0)
FNF:1
FNH:1
FNDA:45,(anonymous_0)
DA:1,45
DA:3,45
DA:11,45
DA:47,45
LF:4
LH:4
BRF:0
BRH:0
end_of_record
TN:
SF:src/api/models/eanInDonation.js
FN:3,(anonymous_0)
FNF:1
FNH:1
FNDA:45,(anonymous_0)
DA:1,45
DA:3,45
DA:11,45
DA:47,45
LF:4
LH:4
BRF:0
BRH:0
end_of_record
TN:
SF:src/api/models/eanInSupplierOrder.js
FN:3,(anonymous_0)
FNF:1
FNH:1
FNDA:45,(anonymous_0)
DA:1,45
DA:3,45
DA:11,45
DA:63,45
LF:4
LH:4
BRF:0
BRH:0
end_of_record
TN:
SF:src/api/models/fbaFee.js
FN:3,(anonymous_0)
FNF:1
FNH:1
FNDA:45,(anonymous_0)
DA:1,45
DA:3,45
DA:11,45
DA:60,45
LF:4
LH:4
BRF:0
BRH:0
end_of_record
TN:
SF:src/api/models/index.js
FN:15,(anonymous_0)
FN:22,(anonymous_1)
FN:44,synchronizeAndMigrate
FN:91,(anonymous_3)
FNF:4
FNH:3
FNDA:1305,(anonymous_0)
FNDA:1260,(anonymous_1)
FNDA:42,synchronizeAndMigrate
FNDA:0,(anonymous_3)
DA:2,45
DA:3,45
DA:4,45
DA:5,45
DA:6,45
DA:9,45
DA:11,45
DA:14,45
DA:16,1305
DA:23,1260
DA:29,1260
DA:33,45
DA:35,45
DA:45,42
DA:46,42
DA:48,42
DA:49,42
DA:50,42
DA:51,42
DA:52,42
DA:53,42
DA:54,42
DA:55,42
DA:56,42
DA:57,42
DA:58,42
DA:59,42
DA:60,42
DA:61,42
DA:62,42
DA:63,42
DA:64,42
DA:65,42
DA:66,42
DA:67,42
DA:68,42
DA:69,42
DA:70,42
DA:71,42
DA:72,42
DA:73,42
DA:74,42
DA:75,42
DA:77,42
DA:80,42
DA:82,0
DA:87,45
DA:89,45
DA:91,0
DA:92,0
DA:100,45
DA:101,45
DA:102,45
DA:105,45
LF:54
LH:51
BRDA:17,0,0,1305
BRDA:17,0,1,1260
BRDA:17,0,2,1260
BRDA:89,1,0,0
BRDA:89,1,1,45
BRF:5
BRH:4
end_of_record
TN:
SF:src/api/models/minimumSellingPrice.js
FN:3,(anonymous_0)
FNF:1
FNH:1
FNDA:45,(anonymous_0)
DA:1,45
DA:3,45
DA:11,45
DA:81,45
LF:4
LH:4
BRF:0
BRH:0
end_of_record
TN:
SF:src/api/models/priceGridFbaFees.js
FN:3,(anonymous_0)
FNF:1
FNH:1
FNDA:45,(anonymous_0)
DA:1,45
DA:3,45
DA:11,45
DA:58,45
LF:4
LH:4
BRF:0
BRH:0
end_of_record
TN:
SF:src/api/models/pricingRule.js
FN:3,(anonymous_0)
FNF:1
FNH:1
FNDA:45,(anonymous_0)
DA:1,45
DA:3,45
DA:11,45
DA:43,45
LF:4
LH:4
BRF:0
BRH:0
end_of_record
TN:
SF:src/api/models/productAndAmzReferralFeeCategory.js
FN:3,(anonymous_0)
FNF:1
FNH:1
FNDA:45,(anonymous_0)
DA:1,45
DA:3,45
DA:11,45
DA:44,45
LF:4
LH:4
BRF:0
BRH:0
end_of_record
TN:
SF:src/api/models/productCategory.js
FN:4,(anonymous_0)
FNF:1
FNH:1
FNDA:45,(anonymous_0)
DA:2,45
DA:4,45
DA:12,45
DA:54,45
LF:4
LH:4
BRF:0
BRH:0
end_of_record
TN:
SF:src/api/models/productCategoryRank.js
FN:4,(anonymous_0)
FNF:1
FNH:1
FNDA:45,(anonymous_0)
DA:2,45
DA:4,45
DA:12,45
DA:52,45
LF:4
LH:4
BRF:0
BRH:0
end_of_record
TN:
SF:src/api/models/productTaxCategory.js
FN:4,(anonymous_0)
FNF:1
FNH:1
FNDA:45,(anonymous_0)
DA:2,45
DA:4,45
DA:12,45
DA:53,45
LF:4
LH:4
BRF:0
BRH:0
end_of_record
TN:
SF:src/api/models/sku.js
FN:3,(anonymous_0)
FNF:1
FNH:1
FNDA:45,(anonymous_0)
DA:1,45
DA:3,45
DA:11,45
DA:103,45
LF:4
LH:4
BRF:0
BRH:0
end_of_record
TN:
SF:src/api/models/supplier.js
FN:3,(anonymous_0)
FNF:1
FNH:1
FNDA:45,(anonymous_0)
DA:1,45
DA:3,45
DA:11,45
DA:101,45
LF:4
LH:4
BRF:0
BRH:0
end_of_record
TN:
SF:src/api/models/supplierBrandCatalog.js
FN:3,(anonymous_0)
FNF:1
FNH:1
FNDA:45,(anonymous_0)
DA:1,45
DA:3,45
DA:11,45
DA:42,45
LF:4
LH:4
BRF:0
BRH:0
end_of_record
TN:
SF:src/api/models/supplierOrder.js
FN:3,(anonymous_0)
FNF:1
FNH:1
FNDA:45,(anonymous_0)
DA:1,45
DA:3,45
DA:11,45
DA:73,45
LF:4
LH:4
BRF:0
BRH:0
end_of_record
TN:
SF:src/api/models/vatCategory.js
FN:3,(anonymous_0)
FNF:1
FNH:1
FNDA:45,(anonymous_0)
DA:1,45
DA:3,45
DA:10,45
DA:31,45
LF:4
LH:4
BRF:0
BRH:0
end_of_record
TN:
SF:src/api/models/vatRatePerCountry.js
FN:4,(anonymous_0)
FNF:1
FNH:1
FNDA:45,(anonymous_0)
DA:2,45
DA:4,45
DA:12,45
DA:49,45
LF:4
LH:4
BRF:0
BRH:0
end_of_record
TN:
SF:src/api/models/warehouse.js
FN:3,(anonymous_0)
FNF:1
FNH:1
FNDA:45,(anonymous_0)
DA:1,45
DA:3,45
DA:11,45
DA:64,45
LF:4
LH:4
BRF:0
BRH:0
end_of_record
TN:
SF:src/api/models/warehouseStock.js
FN:3,(anonymous_0)
FNF:1
FNH:1
FNDA:45,(anonymous_0)
DA:1,45
DA:3,45
DA:11,45
DA:62,45
LF:4
LH:4
BRF:0
BRH:0
end_of_record
TN:
SF:src/api/routes/amazonReferralFeesRoutes.js
FNF:0
FNH:0
DA:1,26
DA:2,26
DA:3,26
DA:72,26
DA:97,26
DA:120,26
DA:180,26
DA:204,26
DA:209,26
LF:9
LH:9
BRF:0
BRH:0
end_of_record
TN:
SF:src/api/routes/asinsRoutes.js
FNF:0
FNH:0
DA:1,26
DA:2,26
DA:3,26
DA:99,26
DA:125,26
DA:146,26
DA:217,26
DA:239,26
DA:241,26
LF:9
LH:9
BRF:0
BRH:0
end_of_record
TN:
SF:src/api/routes/brandsRoutes.js
FNF:0
FNH:0
DA:1,26
DA:2,26
DA:3,26
DA:41,26
DA:66,26
DA:86,26
DA:119,26
DA:140,26
DA:142,26
LF:9
LH:9
BRF:0
BRH:0
end_of_record
TN:
SF:src/api/routes/catalogRoutes.js
FNF:0
FNH:0
DA:1,26
DA:2,26
DA:3,26
DA:80,26
DA:105,26
DA:125,26
DA:174,26
DA:195,26
DA:197,26
LF:9
LH:9
BRF:0
BRH:0
end_of_record
TN:
SF:src/api/routes/countriesRoutes.js
FNF:0
FNH:0
DA:1,26
DA:2,26
DA:3,26
DA:43,26
DA:69,26
DA:90,26
DA:124,26
DA:146,26
DA:148,26
LF:9
LH:9
BRF:0
BRH:0
end_of_record
TN:
SF:src/api/routes/donationsRoutes.js
FNF:0
FNH:0
DA:1,26
DA:2,26
DA:3,26
DA:54,26
DA:79,26
DA:99,26
DA:142,26
DA:163,26
DA:165,26
LF:9
LH:9
BRF:0
BRH:0
end_of_record
TN:
SF:src/api/routes/eansInAsinsRoutes.js
FNF:0
FNH:0
DA:1,26
DA:2,26
DA:3,26
DA:55,26
DA:80,26
DA:100,26
DA:139,26
DA:160,26
DA:162,26
LF:9
LH:9
BRF:0
BRH:0
end_of_record
TN:
SF:src/api/routes/eansInDonationsRoutes.js
FNF:0
FNH:0
DA:1,26
DA:2,26
DA:3,26
DA:58,26
DA:83,26
DA:103,26
DA:142,26
DA:166,26
DA:171,26
LF:9
LH:9
BRF:0
BRH:0
end_of_record
TN:
SF:src/api/routes/eansInSuppliersOrdersRoutes.js
FNF:0
FNH:0
DA:1,26
DA:2,26
DA:3,26
DA:74,26
DA:100,26
DA:124,26
DA:179,26
DA:204,26
DA:209,26
LF:9
LH:9
BRF:0
BRH:0
end_of_record
TN:
SF:src/api/routes/eansRoutes.js
FNF:0
FNH:0
DA:1,26
DA:2,26
DA:3,26
DA:55,26
DA:81,26
DA:102,26
DA:139,26
DA:161,26
DA:163,26
LF:9
LH:9
BRF:0
BRH:0
end_of_record
TN:
SF:src/api/routes/fbaFeesRoutes.js
FNF:0
FNH:0
DA:1,26
DA:2,26
DA:3,26
DA:102,26
DA:127,26
DA:145,26
DA:223,26
DA:244,26
DA:246,26
LF:9
LH:9
BRF:0
BRH:0
end_of_record
TN:
SF:src/api/routes/minimumSellingPricesRoutes.js
FNF:0
FNH:0
DA:1,26
DA:2,26
DA:3,26
DA:89,26
DA:114,26
DA:139,26
DA:196,26
DA:220,26
DA:225,26
LF:9
LH:9
BRF:0
BRH:0
end_of_record
TN:
SF:src/api/routes/priceGridFbaFeesRoutes.js
FNF:0
FNH:0
DA:1,26
DA:2,26
DA:3,26
DA:70,26
DA:95,26
DA:118,26
DA:179,26
DA:203,26
DA:208,26
LF:9
LH:9
BRF:0
BRH:0
end_of_record
TN:
SF:src/api/routes/pricingRulesRoutes.js
FNF:0
FNH:0
DA:1,26
DA:2,26
DA:3,26
DA:55,26
DA:81,26
DA:102,26
DA:147,26
DA:169,26
DA:171,26
LF:9
LH:9
BRF:0
BRH:0
end_of_record
TN:
SF:src/api/routes/productAndAmzReferralFeeCategoriesMappingRoutes.js
FNF:0
FNH:0
DA:1,26
DA:2,26
DA:3,26
DA:45,26
DA:73,26
DA:94,26
DA:133,26
DA:157,26
DA:162,26
LF:9
LH:9
BRF:0
BRH:0
end_of_record
TN:
SF:src/api/routes/productCategoriesRanksRoutes.js
FNF:0
FNH:0
DA:1,26
DA:2,26
DA:3,26
DA:54,26
DA:79,26
DA:102,26
DA:145,26
DA:169,26
DA:174,26
LF:9
LH:9
BRF:0
BRH:0
end_of_record
TN:
SF:src/api/routes/productCategoriesRoutes.js
FNF:0
FNH:0
DA:1,26
DA:2,26
DA:3,26
DA:57,26
DA:82,26
DA:105,26
DA:150,26
DA:174,26
DA:179,26
LF:9
LH:9
BRF:0
BRH:0
end_of_record
TN:
SF:src/api/routes/productTaxCategoriesRoutes.js
FNF:0
FNH:0
DA:1,26
DA:2,26
DA:3,26
DA:54,26
DA:79,26
DA:102,26
DA:144,26
DA:168,26
DA:173,26
LF:9
LH:9
BRF:0
BRH:0
end_of_record
TN:
SF:src/api/routes/skusRoutes.js
FNF:0
FNH:0
DA:1,26
DA:2,26
DA:3,26
DA:109,26
DA:134,26
DA:154,26
DA:241,26
DA:262,26
DA:264,26
LF:9
LH:9
BRF:0
BRH:0
end_of_record
TN:
SF:src/api/routes/suppliersBrandCatalogRoutes.js
FNF:0
FNH:0
DA:1,26
DA:2,26
DA:3,26
DA:52,26
DA:77,26
DA:97,26
DA:133,26
DA:157,26
DA:162,26
LF:9
LH:9
BRF:0
BRH:0
end_of_record
TN:
SF:src/api/routes/suppliersOrdersRoutes.js
FNF:0
FNH:0
DA:1,26
DA:2,26
DA:3,26
DA:88,26
DA:113,26
DA:133,26
DA:189,26
DA:213,26
DA:218,26
LF:9
LH:9
BRF:0
BRH:0
end_of_record
TN:
SF:src/api/routes/suppliersRoutes.js
FNF:0
FNH:0
DA:1,26
DA:2,26
DA:3,26
DA:104,26
DA:129,26
DA:149,26
DA:237,26
DA:258,26
DA:260,26
LF:9
LH:9
BRF:0
BRH:0
end_of_record
TN:
SF:src/api/routes/vatCategoriesRoutes.js
FNF:0
FNH:0
DA:1,26
DA:2,26
DA:3,26
DA:43,26
DA:69,26
DA:90,26
DA:124,26
DA:146,26
DA:148,26
LF:9
LH:9
BRF:0
BRH:0
end_of_record
TN:
SF:src/api/routes/vatRatesPerCountryRoutes.js
FNF:0
FNH:0
DA:1,26
DA:2,26
DA:3,26
DA:46,26
DA:72,26
DA:96,26
DA:133,26
DA:158,26
DA:163,26
LF:9
LH:9
BRF:0
BRH:0
end_of_record
TN:
SF:src/api/routes/warehousesRoutes.js
FNF:0
FNH:0
DA:1,26
DA:2,26
DA:3,26
DA:72,26
DA:97,26
DA:117,26
DA:174,26
DA:195,26
DA:197,26
LF:9
LH:9
BRF:0
BRH:0
end_of_record
TN:
SF:src/api/routes/warehousesStockRoutes.js
FNF:0
FNH:0
DA:1,26
DA:2,26
DA:3,26
DA:66,26
DA:91,26
DA:114,26
DA:162,26
DA:186,26
DA:191,26
LF:9
LH:9
BRF:0
BRH:0
end_of_record
TN:
SF:src/config/marketplaces.js
FNF:0
FNH:0
DA:1,0
DA:28,0
LF:2
LH:0
BRF:0
BRH:0
end_of_record
TN:
SF:src/database/database.js
FNF:0
FNH:0
DA:1,45
DA:2,45
DA:5,45
DA:6,45
DA:8,45
DA:11,45
DA:26,45
LF:7
LH:7
BRDA:5,0,0,45
BRDA:5,0,1,0
BRDA:18,1,0,45
BRDA:18,1,1,45
BRF:4
BRH:3
end_of_record
TN:
SF:src/database/modelToFileMap.js
FNF:0
FNH:0
DA:1,45
DA:34,45
LF:2
LH:2
BRF:0
BRH:0
end_of_record
TN:
SF:src/database/modelsAssociations.js
FN:6,(anonymous_0)
FNF:1
FNH:1
FNDA:45,(anonymous_0)
DA:6,45
DA:37,45
DA:40,45
DA:45,45
DA:50,45
DA:55,45
DA:60,45
DA:67,45
DA:74,45
DA:81,45
DA:84,45
DA:87,45
DA:96,45
DA:101,45
DA:106,45
DA:111,45
DA:116,45
DA:121,45
DA:126,45
DA:131,45
DA:138,45
DA:143,45
DA:150,45
DA:157,45
DA:164,45
DA:173,45
DA:176,45
DA:179,45
DA:186,45
DA:191,45
DA:196,45
DA:201,45
DA:208,45
DA:213,45
DA:218,45
DA:225,45
DA:230,45
DA:237,45
DA:240,45
DA:245,45
DA:250,45
DA:257,45
DA:262,45
DA:269,45
DA:274,45
DA:281,45
DA:288,45
DA:293,45
DA:300,45
DA:305,45
DA:310,45
DA:315,45
DA:324,45
DA:329,45
DA:334,45
DA:343,45
DA:348,45
DA:357,45
DA:362,45
DA:367,45
DA:374,45
DA:381,45
DA:386,45
DA:393,45
DA:398,45
DA:405,45
DA:412,45
DA:419,45
DA:426,45
DA:431,45
DA:438,45
DA:443,45
DA:450,45
LF:73
LH:73
BRF:0
BRH:0
end_of_record
TN:
SF:src/database/seeders/migrateData.js
FN:14,parseCSV
FN:19,(anonymous_1)
FN:22,(anonymous_2)
FN:23,(anonymous_3)
FN:24,(anonymous_4)
FN:33,migrate
FN:44,(anonymous_6)
FN:46,(anonymous_7)
FN:71,runMigrations
FNF:9
FNH:8
FNDA:1134,parseCSV
FNDA:1134,(anonymous_1)
FNDA:1252398,(anonymous_2)
FNDA:1134,(anonymous_3)
FNDA:0,(anonymous_4)
FNDA:1134,migrate
FNDA:1252398,(anonymous_6)
FNDA:10376520,(anonymous_7)
FNDA:42,runMigrations
DA:2,45
DA:3,45
DA:5,45
DA:7,45
DA:16,1134
DA:19,1134
DA:20,1134
DA:22,1252398
DA:23,1134
DA:24,0
DA:36,1134
DA:39,1134
DA:41,1134
DA:44,1134
DA:45,1252398
DA:46,10376520
DA:54,1134
DA:55,0
DA:59,1134
DA:62,0
DA:63,0
DA:72,42
DA:74,42
DA:105,42
DA:106,1134
DA:110,0
DA:114,45
LF:27
LH:22
BRDA:48,0,0,1822254
BRDA:48,0,1,8554266
BRDA:48,1,0,10376520
BRDA:48,1,1,9074436
BRDA:54,2,0,0
BRDA:54,2,1,1134
BRF:6
BRH:5
end_of_record
TN:
SF:src/integrations/sp_api/spApiConnector.js
FN:17,(anonymous_0)
FN:35,(anonymous_1)
FN:77,(anonymous_2)
FN:114,(anonymous_3)
FN:140,(anonymous_4)
FN:162,(anonymous_5)
FN:178,(anonymous_6)
FN:198,(anonymous_7)
FN:210,(anonymous_8)
FN:281,(anonymous_9)
FNF:10
FNH:0
FNDA:0,(anonymous_0)
FNDA:0,(anonymous_1)
FNDA:0,(anonymous_2)
FNDA:0,(anonymous_3)
FNDA:0,(anonymous_4)
FNDA:0,(anonymous_5)
FNDA:0,(anonymous_6)
FNDA:0,(anonymous_7)
FNDA:0,(anonymous_8)
FNDA:0,(anonymous_9)
DA:1,0
DA:2,0
DA:3,0
DA:4,0
DA:18,0
DA:19,0
DA:20,0
DA:21,0
DA:22,0
DA:37,0
DA:38,0
DA:42,0
DA:43,0
DA:50,0
DA:51,0
DA:52,0
DA:55,0
DA:57,0
DA:59,0
DA:60,0
DA:87,0
DA:92,0
DA:101,0
DA:115,0
DA:119,0
DA:126,0
DA:141,0
DA:142,0
DA:143,0
DA:144,0
DA:145,0
DA:163,0
DA:179,0
DA:206,0
DA:207,0
DA:208,0
DA:209,0
DA:210,0
DA:213,0
DA:214,0
DA:223,0
DA:224,0
DA:226,0
DA:231,0
DA:233,0
DA:234,0
DA:236,0
DA:248,0
DA:251,0
DA:254,0
DA:255,0
DA:258,0
DA:259,0
DA:260,0
DA:261,0
DA:263,0
DA:266,0
DA:268,0
DA:282,0
DA:302,0
DA:318,0
DA:325,0
LF:62
LH:0
BRDA:37,0,0,0
BRDA:37,0,1,0
BRDA:37,1,0,0
BRDA:37,1,1,0
BRDA:201,2,0,0
BRDA:202,3,0,0
BRDA:204,4,0,0
BRDA:223,5,0,0
BRDA:223,5,1,0
BRDA:231,6,0,0
BRDA:231,6,1,0
BRDA:242,7,0,0
BRDA:242,7,1,0
BRDA:255,8,0,0
BRDA:255,8,1,0
BRDA:261,9,0,0
BRDA:261,9,1,0
BRF:17
BRH:0
end_of_record
TN:
SF:src/integrations/sp_api/reports_api/downloadAndDecompressDocument.js
FN:22,downloadAndDecompressDocument
FN:94,formatFileName
FN:95,(anonymous_2)
FNF:3
FNH:0
FNDA:0,downloadAndDecompressDocument
FNDA:0,formatFileName
FNDA:0,(anonymous_2)
DA:1,0
DA:2,0
DA:3,0
DA:4,0
DA:5,0
DA:6,0
DA:31,0
DA:33,0
DA:40,0
DA:47,0
DA:48,0
DA:50,0
DA:53,0
DA:54,0
DA:60,0
DA:62,0
DA:63,0
DA:68,0
DA:72,0
DA:79,0
DA:82,0
DA:83,0
DA:95,0
DA:96,0
DA:98,0
DA:99,0
DA:101,0
DA:102,0
DA:103,0
DA:104,0
DA:106,0
DA:109,0
LF:32
LH:0
BRDA:29,0,0,0
BRDA:53,1,0,0
BRDA:53,1,1,0
BRDA:60,2,0,0
BRDA:60,2,1,0
BRDA:60,2,2,0
BRDA:60,2,3,0
BRDA:96,3,0,0
BRDA:96,3,1,0
BRDA:102,4,0,0
BRDA:102,4,1,0
BRDA:103,5,0,0
BRDA:103,5,1,0
BRF:13
BRH:0
end_of_record
TN:
SF:src/integrations/sp_api/reports_api/fbaInventoryReports.js
FN:18,requestFbaInventoryReport
FN:25,(anonymous_1)
FNF:2
FNH:0
FNDA:0,requestFbaInventoryReport
FNDA:0,(anonymous_1)
DA:1,0
DA:2,0
DA:3,0
DA:4,0
DA:5,0
DA:24,0
DA:25,0
DA:28,0
DA:36,0
DA:38,0
DA:41,0
DA:51,0
DA:58,0
DA:66,0
DA:69,0
DA:76,0
LF:16
LH:0
BRF:0
BRH:0
end_of_record
TN:
SF:src/integrations/sp_api/reports_api/fecthAndProcessCsv.js
FN:20,fetchAndProcessCsv
FN:44,(anonymous_1)
FN:71,(anonymous_2)
FN:99,(anonymous_3)
FN:102,(anonymous_4)
FN:106,(anonymous_5)
FN:123,chooseDecompressionStream
FNF:7
FNH:0
FNDA:0,fetchAndProcessCsv
FNDA:0,(anonymous_1)
FNDA:0,(anonymous_2)
FNDA:0,(anonymous_3)
FNDA:0,(anonymous_4)
FNDA:0,(anonymous_5)
FNDA:0,chooseDecompressionStream
DA:2,0
DA:3,0
DA:4,0
DA:5,0
DA:6,0
DA:7,0
DA:8,0
DA:27,0
DA:28,0
DA:30,0
DA:32,0
DA:39,0
DA:42,0
DA:45,0
DA:47,0
DA:56,0
DA:57,0
DA:59,0
DA:65,0
DA:72,0
DA:74,0
DA:79,0
DA:80,0
DA:81,0
DA:85,0
DA:93,0
DA:95,0
DA:100,0
DA:104,0
DA:105,0
DA:106,0
DA:107,0
DA:109,0
DA:111,0
DA:114,0
DA:124,0
DA:126,0
DA:129,0
DA:131,0
DA:137,0
LF:40
LH:0
BRDA:79,0,0,0
BRDA:79,0,1,0
BRDA:104,1,0,0
BRDA:104,1,1,0
BRDA:124,2,0,0
BRDA:124,2,1,0
BRDA:124,2,2,0
BRDA:124,2,3,0
BRF:8
BRH:0
end_of_record
TN:
SF:src/integrations/sp_api/reports_api/getDocumentUrl.js
FN:13,getDocumentUrl
FNF:1
FNH:0
FNDA:0,getDocumentUrl
DA:1,0
DA:14,0
DA:16,0
DA:17,0
DA:26,0
DA:27,0
DA:28,0
DA:29,0
DA:31,0
DA:33,0
DA:35,0
DA:36,0
DA:40,0
LF:13
LH:0
BRF:0
BRH:0
end_of_record
TN:
SF:src/integrations/sp_api/reports_api/getReportDocumentId.js
FN:19,getReportDocumentId
FN:44,(anonymous_1)
FNF:2
FNH:0
FNDA:0,getReportDocumentId
FNDA:0,(anonymous_1)
DA:1,0
DA:20,0
DA:22,0
DA:25,0
DA:26,0
DA:27,0
DA:36,0
DA:38,0
DA:39,0
DA:40,0
DA:41,0
DA:43,0
DA:44,0
DA:47,0
DA:48,0
DA:52,0
DA:53,0
DA:56,0
DA:59,0
LF:19
LH:0
BRDA:38,0,0,0
BRDA:38,0,1,0
BRDA:52,1,0,0
BRDA:52,1,1,0
BRF:4
BRH:0
end_of_record
TN:
SF:src/integrations/sp_api/reports_api/getReportId.js
FN:18,getReportId
FNF:1
FNH:0
FNDA:0,getReportId
DA:1,0
DA:25,0
DA:27,0
DA:29,0
DA:30,0
DA:44,0
DA:46,0
DA:50,0
LF:8
LH:0
BRDA:20,0,0,0
BRF:1
BRH:0
end_of_record
TN:
SF:src/integrations/sp_api/reports_api/logs/logAndCollect.js
FN:11,logAndCollect
FNF:1
FNH:0
FNDA:0,logAndCollect
DA:1,0
DA:2,0
DA:12,0
DA:14,0
DA:15,0
DA:16,0
DA:19,0
DA:20,0
DA:23,0
DA:24,0
DA:27,0
DA:30,0
LF:12
LH:0
BRDA:19,0,0,0
BRDA:19,0,1,0
BRF:2
BRH:0
end_of_record
TN:
SF:src/server/index.js
FN:5,(anonymous_0)
FNF:1
FNH:0
FNDA:0,(anonymous_0)
DA:2,0
DA:3,0
DA:5,0
DA:6,0
LF:4
LH:0
BRDA:3,0,0,0
BRDA:3,0,1,0
BRF:2
BRH:0
end_of_record
